Only Keep 1th layers before.
Len of new dataset is :30
1 28 /media/lincolnzjx/HardDisk/Datasets/ilsvrc2012/train/n07742313/n07742313_10026.JPEG
1 28 /media/lincolnzjx/HardDisk/Datasets/ilsvrc2012/train/n07742313/n07742313_10027.JPEG
1 28 /media/lincolnzjx/HardDisk/Datasets/ilsvrc2012/train/n07742313/n07742313_10036.JPEG
1 28 /media/lincolnzjx/HardDisk/Datasets/ilsvrc2012/train/n07742313/n07742313_10043.JPEG
1 28 /media/lincolnzjx/HardDisk/Datasets/ilsvrc2012/train/n07742313/n07742313_10075.JPEG
1 28 /media/lincolnzjx/HardDisk/Datasets/ilsvrc2012/train/n07742313/n07742313_10083.JPEG
1 28 /media/lincolnzjx/HardDisk/Datasets/ilsvrc2012/train/n07742313/n07742313_10094.JPEG
1 28 /media/lincolnzjx/HardDisk/Datasets/ilsvrc2012/train/n07742313/n07742313_10170.JPEG
1 28 /media/lincolnzjx/HardDisk/Datasets/ilsvrc2012/train/n07742313/n07742313_10173.JPEG
1 28 /media/lincolnzjx/HardDisk/Datasets/ilsvrc2012/train/n07742313/n07742313_1018.JPEG
1 28 /media/lincolnzjx/HardDisk/Datasets/ilsvrc2012/train/n07742313/n07742313_10199.JPEG
1 28 /media/lincolnzjx/HardDisk/Datasets/ilsvrc2012/train/n07742313/n07742313_10217.JPEG
1 28 /media/lincolnzjx/HardDisk/Datasets/ilsvrc2012/train/n07742313/n07742313_10265.JPEG
1 28 /media/lincolnzjx/HardDisk/Datasets/ilsvrc2012/train/n07742313/n07742313_1028.JPEG
1 28 /media/lincolnzjx/HardDisk/Datasets/ilsvrc2012/train/n07742313/n07742313_10344.JPEG
1 28 /media/lincolnzjx/HardDisk/Datasets/ilsvrc2012/train/n07742313/n07742313_10368.JPEG
1 28 /media/lincolnzjx/HardDisk/Datasets/ilsvrc2012/train/n07742313/n07742313_10372.JPEG
1 28 /media/lincolnzjx/HardDisk/Datasets/ilsvrc2012/train/n07742313/n07742313_10405.JPEG
1 28 /media/lincolnzjx/HardDisk/Datasets/ilsvrc2012/train/n07742313/n07742313_10407.JPEG
1 28 /media/lincolnzjx/HardDisk/Datasets/ilsvrc2012/train/n07742313/n07742313_10419.JPEG
1 28 /media/lincolnzjx/HardDisk/Datasets/ilsvrc2012/train/n07742313/n07742313_10424.JPEG
1 28 /media/lincolnzjx/HardDisk/Datasets/ilsvrc2012/train/n07742313/n07742313_1043.JPEG
1 28 /media/lincolnzjx/HardDisk/Datasets/ilsvrc2012/train/n07742313/n07742313_10435.JPEG
1 28 /media/lincolnzjx/HardDisk/Datasets/ilsvrc2012/train/n07742313/n07742313_10437.JPEG
1 28 /media/lincolnzjx/HardDisk/Datasets/ilsvrc2012/train/n07742313/n07742313_10444.JPEG
1 28 /media/lincolnzjx/HardDisk/Datasets/ilsvrc2012/train/n07742313/n07742313_10450.JPEG
1 28 /media/lincolnzjx/HardDisk/Datasets/ilsvrc2012/train/n07742313/n07742313_10452.JPEG
1 28 /media/lincolnzjx/HardDisk/Datasets/ilsvrc2012/train/n07742313/n07742313_10462.JPEG
1 28 /media/lincolnzjx/HardDisk/Datasets/ilsvrc2012/train/n07742313/n07742313_1048.JPEG
1 28 /media/lincolnzjx/HardDisk/Datasets/ilsvrc2012/train/n07742313/n07742313_10480.JPEG
Only Keep 1th layers before.
Len of new dataset is :30
1 57 /media/lincolnzjx/HardDisk/Datasets/ilsvrc2012/train/n07742313/n07742313_10026.JPEG
1 57 /media/lincolnzjx/HardDisk/Datasets/ilsvrc2012/train/n07742313/n07742313_10027.JPEG
1 57 /media/lincolnzjx/HardDisk/Datasets/ilsvrc2012/train/n07742313/n07742313_10036.JPEG
1 57 /media/lincolnzjx/HardDisk/Datasets/ilsvrc2012/train/n07742313/n07742313_10043.JPEG
1 57 /media/lincolnzjx/HardDisk/Datasets/ilsvrc2012/train/n07742313/n07742313_10075.JPEG
1 57 /media/lincolnzjx/HardDisk/Datasets/ilsvrc2012/train/n07742313/n07742313_10083.JPEG
1 57 /media/lincolnzjx/HardDisk/Datasets/ilsvrc2012/train/n07742313/n07742313_10094.JPEG
1 57 /media/lincolnzjx/HardDisk/Datasets/ilsvrc2012/train/n07742313/n07742313_10170.JPEG
1 57 /media/lincolnzjx/HardDisk/Datasets/ilsvrc2012/train/n07742313/n07742313_10173.JPEG
1 57 /media/lincolnzjx/HardDisk/Datasets/ilsvrc2012/train/n07742313/n07742313_1018.JPEG
1 57 /media/lincolnzjx/HardDisk/Datasets/ilsvrc2012/train/n07742313/n07742313_10199.JPEG
1 57 /media/lincolnzjx/HardDisk/Datasets/ilsvrc2012/train/n07742313/n07742313_10217.JPEG
1 57 /media/lincolnzjx/HardDisk/Datasets/ilsvrc2012/train/n07742313/n07742313_10265.JPEG
1 57 /media/lincolnzjx/HardDisk/Datasets/ilsvrc2012/train/n07742313/n07742313_1028.JPEG
1 57 /media/lincolnzjx/HardDisk/Datasets/ilsvrc2012/train/n07742313/n07742313_10344.JPEG
1 57 /media/lincolnzjx/HardDisk/Datasets/ilsvrc2012/train/n07742313/n07742313_10368.JPEG
1 57 /media/lincolnzjx/HardDisk/Datasets/ilsvrc2012/train/n07742313/n07742313_10372.JPEG
1 57 /media/lincolnzjx/HardDisk/Datasets/ilsvrc2012/train/n07742313/n07742313_10405.JPEG
1 57 /media/lincolnzjx/HardDisk/Datasets/ilsvrc2012/train/n07742313/n07742313_10407.JPEG
1 57 /media/lincolnzjx/HardDisk/Datasets/ilsvrc2012/train/n07742313/n07742313_10419.JPEG
1 57 /media/lincolnzjx/HardDisk/Datasets/ilsvrc2012/train/n07742313/n07742313_10424.JPEG
1 57 /media/lincolnzjx/HardDisk/Datasets/ilsvrc2012/train/n07742313/n07742313_1043.JPEG
1 57 /media/lincolnzjx/HardDisk/Datasets/ilsvrc2012/train/n07742313/n07742313_10435.JPEG
1 57 /media/lincolnzjx/HardDisk/Datasets/ilsvrc2012/train/n07742313/n07742313_10437.JPEG
1 57 /media/lincolnzjx/HardDisk/Datasets/ilsvrc2012/train/n07742313/n07742313_10444.JPEG
1 57 /media/lincolnzjx/HardDisk/Datasets/ilsvrc2012/train/n07742313/n07742313_10450.JPEG
1 57 /media/lincolnzjx/HardDisk/Datasets/ilsvrc2012/train/n07742313/n07742313_10452.JPEG
1 57 /media/lincolnzjx/HardDisk/Datasets/ilsvrc2012/train/n07742313/n07742313_10462.JPEG
1 57 /media/lincolnzjx/HardDisk/Datasets/ilsvrc2012/train/n07742313/n07742313_1048.JPEG
1 57 /media/lincolnzjx/HardDisk/Datasets/ilsvrc2012/train/n07742313/n07742313_10480.JPEG
